0 info it worked if it ends with ok
1 verbose cli [ 'D:\\Node.js\\node.exe',
1 verbose cli   'D:\\Node.js\\node_modules\\npm\\bin\\npm-cli.js',
1 verbose cli   'install',
1 verbose cli   '../node_module' ]
2 info using npm@2.15.1
3 info using node@v4.4.3
4 verbose install initial load of D:\MyProject\Express1\package.json
5 verbose readDependencies loading dependencies from D:\MyProject\Express1\package.json
6 silly cache add args [ '../node_module', null ]
7 verbose cache add spec ../node_module
8 silly cache add parsed spec Result {
8 silly cache add   raw: '../node_module',
8 silly cache add   scope: null,
8 silly cache add   name: null,
8 silly cache add   rawSpec: '../node_module',
8 silly cache add   spec: 'D:\\MyProject\\node_module',
8 silly cache add   type: 'local' }
9 error addLocal Could not install D:\MyProject\node_module
10 verbose stack Error: ENOENT: no such file or directory, open 'D:\MyProject\node_module'
10 verbose stack     at Error (native)
11 verbose cwd D:\MyProject\Express1
12 error Windows_NT 6.1.7601
13 error argv "D:\\Node.js\\node.exe" "D:\\Node.js\\node_modules\\npm\\bin\\npm-cli.js" "install" "../node_module"
14 error node v4.4.3
15 error npm  v2.15.1
16 error path D:\MyProject\node_module
17 error code ENOENT
18 error errno -4058
19 error syscall open
20 error enoent ENOENT: no such file or directory, open 'D:\MyProject\node_module'
20 error enoent This is most likely not a problem with npm itself
20 error enoent and is related to npm not being able to find a file.
21 verbose exit [ -4058, true ]
